2019-03-27 17:07:40.545  INFO 69643 --- [main] com.eleven.Application                   : Starting Application on eleven.local with PID 69643 (/Users/eleven/eclipse-workspace/UploadPictures/target/classes started by eleven in /Users/eleven/eclipse-workspace/UploadPictures)
2019-03-27 17:07:40.547 DEBUG 69643 --- [main] com.eleven.Application                   : Running with Spring Boot v2.0.6.RELEASE, Spring v5.0.10.RELEASE
2019-03-27 17:07:40.549  INFO 69643 --- [main] com.eleven.Application                   : No active profile set, falling back to default profiles: default
2019-03-27 17:07:40.614  INFO 69643 --- [main] ConfigServletWebServerApplicationContext : Refreshing org.springframework.boot.web.servlet.context.AnnotationConfigServletWebServerApplicationContext@5276e6b0: startup date [Wed Mar 27 17:07:40 CST 2019]; root of context hierarchy
2019-03-27 17:07:42.617  INFO 69643 --- [main] o.s.b.w.embedded.tomcat.TomcatWebServer  : Tomcat initialized with port(s): 8888 (http)
2019-03-27 17:07:42.671  INFO 69643 --- [main] o.apache.catalina.core.StandardService   : Starting service [Tomcat]
2019-03-27 17:07:42.672  INFO 69643 --- [main] org.apache.catalina.core.StandardEngine  : Starting Servlet Engine: Apache Tomcat/8.5.34
2019-03-27 17:07:42.685  INFO 69643 --- [localhost-startStop-1] o.a.catalina.core.AprLifecycleListener   : The APR based Apache Tomcat Native library which allows optimal performance in production environments was not found on the java.library.path: [/Users/eleven/Library/Java/Extensions:/Library/Java/Extensions:/Network/Library/Java/Extensions:/System/Library/Java/Extensions:/usr/lib/java:.]
2019-03-27 17:07:42.938  INFO 69643 --- [localhost-startStop-1] org.apache.jasper.servlet.TldScanner     : At least one JAR was scanned for TLDs yet contained no TLDs. Enable debug logging for this logger for a complete list of JARs that were scanned but no TLDs were found in them. Skipping unneeded JARs during scanning can improve startup time and JSP compilation time.
2019-03-27 17:07:42.943  INFO 69643 --- [localhost-startStop-1] o.a.c.c.C.[Tomcat].[localhost].[/]       : Initializing Spring embedded WebApplicationContext
2019-03-27 17:07:42.943  INFO 69643 --- [localhost-startStop-1] o.s.web.context.ContextLoader            : Root WebApplicationContext: initialization completed in 2329 ms
2019-03-27 17:07:43.013  INFO 69643 --- [localhost-startStop-1] o.s.b.w.servlet.ServletRegistrationBean  : Servlet dispatcherServlet mapped to [/]
2019-03-27 17:07:43.017  INFO 69643 --- [localhost-startStop-1] o.s.b.w.servlet.FilterRegistrationBean   : Mapping filter: 'characterEncodingFilter' to: [/*]
2019-03-27 17:07:43.017  INFO 69643 --- [localhost-startStop-1] o.s.b.w.servlet.FilterRegistrationBean   : Mapping filter: 'hiddenHttpMethodFilter' to: [/*]
2019-03-27 17:07:43.018  INFO 69643 --- [localhost-startStop-1] o.s.b.w.servlet.FilterRegistrationBean   : Mapping filter: 'httpPutFormContentFilter' to: [/*]
2019-03-27 17:07:43.019  INFO 69643 --- [localhost-startStop-1] o.s.b.w.servlet.FilterRegistrationBean   : Mapping filter: 'requestContextFilter' to: [/*]
2019-03-27 17:07:43.504  INFO 69643 --- [main] o.s.w.s.handler.SimpleUrlHandlerMapping  : Mapped URL path [/**/favicon.ico] onto handler of type [class org.springframework.web.servlet.resource.ResourceHttpRequestHandler]
2019-03-27 17:07:43.656  INFO 69643 --- [main] s.w.s.m.m.a.RequestMappingHandlerAdapter : Looking for @ControllerAdvice: org.springframework.boot.web.servlet.context.AnnotationConfigServletWebServerApplicationContext@5276e6b0: startup date [Wed Mar 27 17:07:40 CST 2019]; root of context hierarchy
2019-03-27 17:07:43.722  INFO 69643 --- [main] s.w.s.m.m.a.RequestMappingHandlerMapping : Mapped "{[/img_add]}" onto public java.lang.String com.eleven.controller.PicController.add(com.eleven.pojo.Picture,javax.servlet.http.HttpSession,com.eleven.util.UploadedImageFile) throws java.io.IOException
2019-03-27 17:07:43.723  INFO 69643 --- [main] s.w.s.m.m.a.RequestMappingHandlerMapping : Mapped "{[/list]}" onto public java.lang.String com.eleven.controller.PicController.picList(org.springframework.ui.Model)
2019-03-27 17:07:43.725  INFO 69643 --- [main] s.w.s.m.m.a.RequestMappingHandlerMapping : Mapped "{[/error]}" onto public org.springframework.http.ResponseEntity<java.util.Map<java.lang.String, java.lang.Object>> org.springframework.boot.autoconfigure.web.servlet.error.BasicErrorController.error(javax.servlet.http.HttpServletRequest)
2019-03-27 17:07:43.726  INFO 69643 --- [main] s.w.s.m.m.a.RequestMappingHandlerMapping : Mapped "{[/error],produces=[text/html]}" onto public org.springframework.web.servlet.ModelAndView org.springframework.boot.autoconfigure.web.servlet.error.BasicErrorController.errorHtml(javax.servlet.http.HttpServletRequest,javax.servlet.http.HttpServletResponse)
2019-03-27 17:07:43.748  INFO 69643 --- [main] o.s.w.s.handler.SimpleUrlHandlerMapping  : Mapped URL path [/webjars/**] onto handler of type [class org.springframework.web.servlet.resource.ResourceHttpRequestHandler]
2019-03-27 17:07:43.749  INFO 69643 --- [main] o.s.w.s.handler.SimpleUrlHandlerMapping  : Mapped URL path [/**] onto handler of type [class org.springframework.web.servlet.resource.ResourceHttpRequestHandler]
2019-03-27 17:07:43.975  INFO 69643 --- [main] o.s.j.e.a.AnnotationMBeanExporter        : Registering beans for JMX exposure on startup
2019-03-27 17:07:43.976  INFO 69643 --- [main] o.s.j.e.a.AnnotationMBeanExporter        : Bean with name 'dataSource' has been autodetected for JMX exposure
2019-03-27 17:07:43.982  INFO 69643 --- [main] o.s.j.e.a.AnnotationMBeanExporter        : Located MBean 'dataSource': registering with JMX server as MBean [com.zaxxer.hikari:name=dataSource,type=HikariDataSource]
2019-03-27 17:07:44.049  INFO 69643 --- [main] o.s.b.w.embedded.tomcat.TomcatWebServer  : Tomcat started on port(s): 8888 (http) with context path ''
2019-03-27 17:07:44.054  INFO 69643 --- [main] com.eleven.Application                   : Started Application in 3.863 seconds (JVM running for 4.239)
2019-03-27 17:07:52.725  INFO 69643 --- [Thread-3] ConfigServletWebServerApplicationContext : Closing org.springframework.boot.web.servlet.context.AnnotationConfigServletWebServerApplicationContext@5276e6b0: startup date [Wed Mar 27 17:07:40 CST 2019]; root of context hierarchy
2019-03-27 17:07:52.727  INFO 69643 --- [Thread-3] o.s.j.e.a.AnnotationMBeanExporter        : Unregistering JMX-exposed beans on shutdown
2019-03-27 17:07:52.728  INFO 69643 --- [Thread-3] o.s.j.e.a.AnnotationMBeanExporter        : Unregistering JMX-exposed beans
2019-03-27 17:08:16.792  INFO 69664 --- [main] com.eleven.Application                   : Starting Application on eleven.local with PID 69664 (/Users/eleven/eclipse-workspace/UploadPictures/target/classes started by eleven in /Users/eleven/eclipse-workspace/UploadPictures)
2019-03-27 17:08:16.795 DEBUG 69664 --- [main] com.eleven.Application                   : Running with Spring Boot v2.0.6.RELEASE, Spring v5.0.10.RELEASE
2019-03-27 17:08:16.797  INFO 69664 --- [main] com.eleven.Application                   : No active profile set, falling back to default profiles: default
2019-03-27 17:08:16.850  INFO 69664 --- [main] ConfigServletWebServerApplicationContext : Refreshing org.springframework.boot.web.servlet.context.AnnotationConfigServletWebServerApplicationContext@2ddc8ecb: startup date [Wed Mar 27 17:08:16 CST 2019]; root of context hierarchy
2019-03-27 17:08:18.522  INFO 69664 --- [main] o.s.b.w.embedded.tomcat.TomcatWebServer  : Tomcat initialized with port(s): 8888 (http)
2019-03-27 17:08:18.560  INFO 69664 --- [main] o.apache.catalina.core.StandardService   : Starting service [Tomcat]
2019-03-27 17:08:18.563  INFO 69664 --- [main] org.apache.catalina.core.StandardEngine  : Starting Servlet Engine: Apache Tomcat/8.5.34
2019-03-27 17:08:18.574  INFO 69664 --- [localhost-startStop-1] o.a.catalina.core.AprLifecycleListener   : The APR based Apache Tomcat Native library which allows optimal performance in production environments was not found on the java.library.path: [/Users/eleven/Library/Java/Extensions:/Library/Java/Extensions:/Network/Library/Java/Extensions:/System/Library/Java/Extensions:/usr/lib/java:.]
2019-03-27 17:08:18.786  INFO 69664 --- [localhost-startStop-1] org.apache.jasper.servlet.TldScanner     : At least one JAR was scanned for TLDs yet contained no TLDs. Enable debug logging for this logger for a complete list of JARs that were scanned but no TLDs were found in them. Skipping unneeded JARs during scanning can improve startup time and JSP compilation time.
2019-03-27 17:08:18.791  INFO 69664 --- [localhost-startStop-1] o.a.c.c.C.[Tomcat].[localhost].[/]       : Initializing Spring embedded WebApplicationContext
2019-03-27 17:08:18.791  INFO 69664 --- [localhost-startStop-1] o.s.web.context.ContextLoader            : Root WebApplicationContext: initialization completed in 1941 ms
2019-03-27 17:08:18.860  INFO 69664 --- [localhost-startStop-1] o.s.b.w.servlet.ServletRegistrationBean  : Servlet dispatcherServlet mapped to [/]
2019-03-27 17:08:18.864  INFO 69664 --- [localhost-startStop-1] o.s.b.w.servlet.FilterRegistrationBean   : Mapping filter: 'characterEncodingFilter' to: [/*]
2019-03-27 17:08:18.866  INFO 69664 --- [localhost-startStop-1] o.s.b.w.servlet.FilterRegistrationBean   : Mapping filter: 'hiddenHttpMethodFilter' to: [/*]
2019-03-27 17:08:18.866  INFO 69664 --- [localhost-startStop-1] o.s.b.w.servlet.FilterRegistrationBean   : Mapping filter: 'httpPutFormContentFilter' to: [/*]
2019-03-27 17:08:18.866  INFO 69664 --- [localhost-startStop-1] o.s.b.w.servlet.FilterRegistrationBean   : Mapping filter: 'requestContextFilter' to: [/*]
2019-03-27 17:08:19.392  INFO 69664 --- [main] o.s.w.s.handler.SimpleUrlHandlerMapping  : Mapped URL path [/**/favicon.ico] onto handler of type [class org.springframework.web.servlet.resource.ResourceHttpRequestHandler]
2019-03-27 17:08:19.552  INFO 69664 --- [main] s.w.s.m.m.a.RequestMappingHandlerAdapter : Looking for @ControllerAdvice: org.springframework.boot.web.servlet.context.AnnotationConfigServletWebServerApplicationContext@2ddc8ecb: startup date [Wed Mar 27 17:08:16 CST 2019]; root of context hierarchy
2019-03-27 17:08:19.611  INFO 69664 --- [main] s.w.s.m.m.a.RequestMappingHandlerMapping : Mapped "{[/img_add]}" onto public java.lang.String com.eleven.controller.PicController.add(com.eleven.pojo.Picture,javax.servlet.http.HttpSession,com.eleven.util.UploadedImageFile) throws java.io.IOException
2019-03-27 17:08:19.614  INFO 69664 --- [main] s.w.s.m.m.a.RequestMappingHandlerMapping : Mapped "{[/list]}" onto public java.lang.String com.eleven.controller.PicController.picList(org.springframework.ui.Model)
2019-03-27 17:08:19.616  INFO 69664 --- [main] s.w.s.m.m.a.RequestMappingHandlerMapping : Mapped "{[/error]}" onto public org.springframework.http.ResponseEntity<java.util.Map<java.lang.String, java.lang.Object>> org.springframework.boot.autoconfigure.web.servlet.error.BasicErrorController.error(javax.servlet.http.HttpServletRequest)
2019-03-27 17:08:19.617  INFO 69664 --- [main] s.w.s.m.m.a.RequestMappingHandlerMapping : Mapped "{[/error],produces=[text/html]}" onto public org.springframework.web.servlet.ModelAndView org.springframework.boot.autoconfigure.web.servlet.error.BasicErrorController.errorHtml(javax.servlet.http.HttpServletRequest,javax.servlet.http.HttpServletResponse)
2019-03-27 17:08:19.639  INFO 69664 --- [main] o.s.w.s.handler.SimpleUrlHandlerMapping  : Mapped URL path [/webjars/**] onto handler of type [class org.springframework.web.servlet.resource.ResourceHttpRequestHandler]
2019-03-27 17:08:19.639  INFO 69664 --- [main] o.s.w.s.handler.SimpleUrlHandlerMapping  : Mapped URL path [/**] onto handler of type [class org.springframework.web.servlet.resource.ResourceHttpRequestHandler]
2019-03-27 17:08:19.885  INFO 69664 --- [main] o.s.j.e.a.AnnotationMBeanExporter        : Registering beans for JMX exposure on startup
2019-03-27 17:08:19.887  INFO 69664 --- [main] o.s.j.e.a.AnnotationMBeanExporter        : Bean with name 'dataSource' has been autodetected for JMX exposure
2019-03-27 17:08:19.896  INFO 69664 --- [main] o.s.j.e.a.AnnotationMBeanExporter        : Located MBean 'dataSource': registering with JMX server as MBean [com.zaxxer.hikari:name=dataSource,type=HikariDataSource]
2019-03-27 17:08:19.986  INFO 69664 --- [main] o.s.b.w.embedded.tomcat.TomcatWebServer  : Tomcat started on port(s): 8888 (http) with context path ''
2019-03-27 17:08:19.990  INFO 69664 --- [main] com.eleven.Application                   : Started Application in 3.563 seconds (JVM running for 3.924)
2019-03-27 17:08:40.868  INFO 69664 --- [http-nio-8888-exec-1] o.a.c.c.C.[Tomcat].[localhost].[/]       : Initializing Spring FrameworkServlet 'dispatcherServlet'
2019-03-27 17:08:40.870  INFO 69664 --- [http-nio-8888-exec-1] o.s.web.servlet.DispatcherServlet        : FrameworkServlet 'dispatcherServlet': initialization started
2019-03-27 17:08:40.887  INFO 69664 --- [http-nio-8888-exec-1] o.s.web.servlet.DispatcherServlet        : FrameworkServlet 'dispatcherServlet': initialization completed in 17 ms
2019-03-27 17:09:35.368  INFO 69664 --- [Thread-3] ConfigServletWebServerApplicationContext : Closing org.springframework.boot.web.servlet.context.AnnotationConfigServletWebServerApplicationContext@2ddc8ecb: startup date [Wed Mar 27 17:08:16 CST 2019]; root of context hierarchy
2019-03-27 17:09:35.371  INFO 69664 --- [Thread-3] o.s.j.e.a.AnnotationMBeanExporter        : Unregistering JMX-exposed beans on shutdown
2019-03-27 17:09:35.372  INFO 69664 --- [Thread-3] o.s.j.e.a.AnnotationMBeanExporter        : Unregistering JMX-exposed beans
2019-03-27 17:09:45.041  INFO 69709 --- [main] com.eleven.Application                   : Starting Application on eleven.local with PID 69709 (/Users/eleven/eclipse-workspace/UploadPictures/target/classes started by eleven in /Users/eleven/eclipse-workspace/UploadPictures)
2019-03-27 17:09:45.044 DEBUG 69709 --- [main] com.eleven.Application                   : Running with Spring Boot v2.0.6.RELEASE, Spring v5.0.10.RELEASE
2019-03-27 17:09:45.046  INFO 69709 --- [main] com.eleven.Application                   : No active profile set, falling back to default profiles: default
2019-03-27 17:09:45.105  INFO 69709 --- [main] ConfigServletWebServerApplicationContext : Refreshing org.springframework.boot.web.servlet.context.AnnotationConfigServletWebServerApplicationContext@61dd025: startup date [Wed Mar 27 17:09:45 CST 2019]; root of context hierarchy
2019-03-27 17:09:46.303  INFO 69709 --- [main] o.s.b.w.embedded.tomcat.TomcatWebServer  : Tomcat initialized with port(s): 8888 (http)
2019-03-27 17:09:46.337  INFO 69709 --- [main] o.apache.catalina.core.StandardService   : Starting service [Tomcat]
2019-03-27 17:09:46.338  INFO 69709 --- [main] org.apache.catalina.core.StandardEngine  : Starting Servlet Engine: Apache Tomcat/8.5.34
2019-03-27 17:09:46.347  INFO 69709 --- [localhost-startStop-1] o.a.catalina.core.AprLifecycleListener   : The APR based Apache Tomcat Native library which allows optimal performance in production environments was not found on the java.library.path: [/Users/eleven/Library/Java/Extensions:/Library/Java/Extensions:/Network/Library/Java/Extensions:/System/Library/Java/Extensions:/usr/lib/java:.]
2019-03-27 17:09:46.573  INFO 69709 --- [localhost-startStop-1] org.apache.jasper.servlet.TldScanner     : At least one JAR was scanned for TLDs yet contained no TLDs. Enable debug logging for this logger for a complete list of JARs that were scanned but no TLDs were found in them. Skipping unneeded JARs during scanning can improve startup time and JSP compilation time.
2019-03-27 17:09:46.592  INFO 69709 --- [localhost-startStop-1] o.a.c.c.C.[Tomcat].[localhost].[/]       : Initializing Spring embedded WebApplicationContext
2019-03-27 17:09:46.593  INFO 69709 --- [localhost-startStop-1] o.s.web.context.ContextLoader            : Root WebApplicationContext: initialization completed in 1488 ms
2019-03-27 17:09:46.645  INFO 69709 --- [localhost-startStop-1] o.s.b.w.servlet.ServletRegistrationBean  : Servlet dispatcherServlet mapped to [/]
2019-03-27 17:09:46.649  INFO 69709 --- [localhost-startStop-1] o.s.b.w.servlet.FilterRegistrationBean   : Mapping filter: 'characterEncodingFilter' to: [/*]
2019-03-27 17:09:46.650  INFO 69709 --- [localhost-startStop-1] o.s.b.w.servlet.FilterRegistrationBean   : Mapping filter: 'hiddenHttpMethodFilter' to: [/*]
2019-03-27 17:09:46.650  INFO 69709 --- [localhost-startStop-1] o.s.b.w.servlet.FilterRegistrationBean   : Mapping filter: 'httpPutFormContentFilter' to: [/*]
2019-03-27 17:09:46.650  INFO 69709 --- [localhost-startStop-1] o.s.b.w.servlet.FilterRegistrationBean   : Mapping filter: 'requestContextFilter' to: [/*]
2019-03-27 17:09:47.041  INFO 69709 --- [main] o.s.w.s.handler.SimpleUrlHandlerMapping  : Mapped URL path [/**/favicon.ico] onto handler of type [class org.springframework.web.servlet.resource.ResourceHttpRequestHandler]
2019-03-27 17:09:47.193  INFO 69709 --- [main] s.w.s.m.m.a.RequestMappingHandlerAdapter : Looking for @ControllerAdvice: org.springframework.boot.web.servlet.context.AnnotationConfigServletWebServerApplicationContext@61dd025: startup date [Wed Mar 27 17:09:45 CST 2019]; root of context hierarchy
2019-03-27 17:09:47.258  INFO 69709 --- [main] s.w.s.m.m.a.RequestMappingHandlerMapping : Mapped "{[/img_add]}" onto public java.lang.String com.eleven.controller.PicController.add(com.eleven.pojo.Picture,javax.servlet.http.HttpSession,com.eleven.util.UploadedImageFile) throws java.io.IOException
2019-03-27 17:09:47.259  INFO 69709 --- [main] s.w.s.m.m.a.RequestMappingHandlerMapping : Mapped "{[/list]}" onto public java.lang.String com.eleven.controller.PicController.picList(org.springframework.ui.Model)
2019-03-27 17:09:47.262  INFO 69709 --- [main] s.w.s.m.m.a.RequestMappingHandlerMapping : Mapped "{[/error]}" onto public org.springframework.http.ResponseEntity<java.util.Map<java.lang.String, java.lang.Object>> org.springframework.boot.autoconfigure.web.servlet.error.BasicErrorController.error(javax.servlet.http.HttpServletRequest)
2019-03-27 17:09:47.263  INFO 69709 --- [main] s.w.s.m.m.a.RequestMappingHandlerMapping : Mapped "{[/error],produces=[text/html]}" onto public org.springframework.web.servlet.ModelAndView org.springframework.boot.autoconfigure.web.servlet.error.BasicErrorController.errorHtml(javax.servlet.http.HttpServletRequest,javax.servlet.http.HttpServletResponse)
2019-03-27 17:09:47.287  INFO 69709 --- [main] o.s.w.s.handler.SimpleUrlHandlerMapping  : Mapped URL path [/webjars/**] onto handler of type [class org.springframework.web.servlet.resource.ResourceHttpRequestHandler]
2019-03-27 17:09:47.287  INFO 69709 --- [main] o.s.w.s.handler.SimpleUrlHandlerMapping  : Mapped URL path [/**] onto handler of type [class org.springframework.web.servlet.resource.ResourceHttpRequestHandler]
2019-03-27 17:09:47.497  INFO 69709 --- [main] o.s.j.e.a.AnnotationMBeanExporter        : Registering beans for JMX exposure on startup
2019-03-27 17:09:47.499  INFO 69709 --- [main] o.s.j.e.a.AnnotationMBeanExporter        : Bean with name 'dataSource' has been autodetected for JMX exposure
2019-03-27 17:09:47.504  INFO 69709 --- [main] o.s.j.e.a.AnnotationMBeanExporter        : Located MBean 'dataSource': registering with JMX server as MBean [com.zaxxer.hikari:name=dataSource,type=HikariDataSource]
2019-03-27 17:09:47.559  INFO 69709 --- [main] o.s.b.w.embedded.tomcat.TomcatWebServer  : Tomcat started on port(s): 8888 (http) with context path ''
2019-03-27 17:09:47.562  INFO 69709 --- [main] com.eleven.Application                   : Started Application in 3.027 seconds (JVM running for 3.409)
2019-03-27 17:09:51.711  INFO 69709 --- [http-nio-8888-exec-1] o.a.c.c.C.[Tomcat].[localhost].[/]       : Initializing Spring FrameworkServlet 'dispatcherServlet'
2019-03-27 17:09:51.711  INFO 69709 --- [http-nio-8888-exec-1] o.s.web.servlet.DispatcherServlet        : FrameworkServlet 'dispatcherServlet': initialization started
2019-03-27 17:09:51.728  INFO 69709 --- [http-nio-8888-exec-1] o.s.web.servlet.DispatcherServlet        : FrameworkServlet 'dispatcherServlet': initialization completed in 17 ms
2019-03-27 17:10:42.578  INFO 69709 --- [Thread-3] ConfigServletWebServerApplicationContext : Closing org.springframework.boot.web.servlet.context.AnnotationConfigServletWebServerApplicationContext@61dd025: startup date [Wed Mar 27 17:09:45 CST 2019]; root of context hierarchy
2019-03-27 17:10:42.591  INFO 69709 --- [Thread-3] o.s.j.e.a.AnnotationMBeanExporter        : Unregistering JMX-exposed beans on shutdown
2019-03-27 17:10:42.592  INFO 69709 --- [Thread-3] o.s.j.e.a.AnnotationMBeanExporter        : Unregistering JMX-exposed beans
